{
  "stats": {
    "suites": 1,
    "tests": 2,
    "passes": 2,
    "pending": 0,
    "failures": 0,
    "start": "2026-05-11T16:45:18.646Z",
    "end": "2026-05-11T16:45:26.163Z",
    "duration": 7517,
    "testsRegistered": 2,
    "passPercent": 100,
    "pendingPercent": 0,
    "other": 0,
    "hasOther": false,
    "skipped": 0,
    "hasSkipped": false
  },
  "results": [
    {
      "uuid": "deb0d9f8-455a-48f0-8802-74ba2dbc225a",
      "title": "",
      "fullFile": "cypress\\e2e\\cart.cy.js",
      "file": "cypress\\e2e\\cart.cy.js",
      "beforeHooks": [],
      "afterHooks": [],
      "tests": [],
      "suites": [
        {
          "uuid": "d6fc351e-c35a-42c5-be31-bb12131f16a9",
          "title": "Carrinho SauceDemo",
          "fullFile": "",
          "file": "",
          "beforeHooks": [],
          "afterHooks": [],
          "tests": [
            {
              "title": "deve adicionar produto ao carrinho",
              "fullTitle": "Carrinho SauceDemo deve adicionar produto ao carrinho",
              "timedOut": null,
              "duration": 2117,
              "state": "passed",
              "speed": "fast",
              "pass": true,
              "fail": false,
              "pending": false,
              "context": null,
              "code": "_InventoryPage.default.addBackpackToCart();\n_InventoryPage.default.validateCartCount(1);",
              "err": {},
              "uuid": "8cbbe4a8-74cb-4d7b-a3b4-9bf5ad04c75c",
              "parentUUID": "d6fc351e-c35a-42c5-be31-bb12131f16a9",
              "isHook": false,
              "skipped": false
            },
            {
              "title": "deve acessar o carrinho",
              "fullTitle": "Carrinho SauceDemo deve acessar o carrinho",
              "timedOut": null,
              "duration": 3918,
              "state": "passed",
              "speed": "fast",
              "pass": true,
              "fail": false,
              "pending": false,
              "context": null,
              "code": "_InventoryPage.default.addBackpackToCart();\n_InventoryPage.default.goToCart();\ncy.url().should('include', 'cart');",
              "err": {},
              "uuid": "9252e87c-b47e-4326-a82e-a8543ccc1b76",
              "parentUUID": "d6fc351e-c35a-42c5-be31-bb12131f16a9",
              "isHook": false,
              "skipped": false
            }
          ],
          "suites": [],
          "passes": [
            "8cbbe4a8-74cb-4d7b-a3b4-9bf5ad04c75c",
            "9252e87c-b47e-4326-a82e-a8543ccc1b76"
          ],
          "failures": [],
          "pending": [],
          "skipped": [],
          "duration": 6035,
          "root": false,
          "rootEmpty": false,
          "_timeout": 2000
        }
      ],
      "passes": [],
      "failures": [],
      "pending": [],
      "skipped": [],
      "duration": 0,
      "root": true,
      "rootEmpty": true,
      "_timeout": 2000
    }
  ],
  "meta": {
    "mocha": {
      "version": "7.2.0"
    },
    "mochawesome": {
      "options": {
        "quiet": false,
        "reportFilename": "mochawesome",
        "saveHtml": false,
        "saveJson": true,
        "consoleReporter": "spec",
        "useInlineDiffs": false,
        "code": true
      },
      "version": "7.1.4"
    },
    "marge": {
      "options": {
        "reportDir": "cypress/reports",
        "overwrite": false,
        "html": false,
        "json": true
      },
      "version": "6.3.2"
    }
  }
}