{
  "stats": {
    "suites": 1,
    "tests": 2,
    "passes": 2,
    "pending": 0,
    "failures": 0,
    "start": "2026-05-11T16:48:24.602Z",
    "end": "2026-05-11T16:48:33.253Z",
    "duration": 8651,
    "testsRegistered": 2,
    "passPercent": 100,
    "pendingPercent": 0,
    "other": 0,
    "hasOther": false,
    "skipped": 0,
    "hasSkipped": false
  },
  "results": [
    {
      "uuid": "f4bf1dc3-75cf-482a-8d63-baabc7081867",
      "title": "",
      "fullFile": "cypress\\e2e\\cart.cy.js",
      "file": "cypress\\e2e\\cart.cy.js",
      "beforeHooks": [],
      "afterHooks": [],
      "tests": [],
      "suites": [
        {
          "uuid": "2eb5faac-c289-4546-a620-5a1558fe7ba1",
          "title": "Carrinho SauceDemo",
          "fullFile": "",
          "file": "",
          "beforeHooks": [],
          "afterHooks": [],
          "tests": [
            {
              "title": "deve adicionar produto ao carrinho",
              "fullTitle": "Carrinho SauceDemo deve adicionar produto ao carrinho",
              "timedOut": null,
              "duration": 2589,
              "state": "passed",
              "speed": "fast",
              "pass": true,
              "fail": false,
              "pending": false,
              "context": null,
              "code": "_InventoryPage.default.addBackpackToCart();\n_InventoryPage.default.validateCartCount(1);",
              "err": {},
              "uuid": "9f7ff5b3-a556-473f-b3f1-bc433a18c064",
              "parentUUID": "2eb5faac-c289-4546-a620-5a1558fe7ba1",
              "isHook": false,
              "skipped": false
            },
            {
              "title": "deve acessar o carrinho",
              "fullTitle": "Carrinho SauceDemo deve acessar o carrinho",
              "timedOut": null,
              "duration": 3904,
              "state": "passed",
              "speed": "fast",
              "pass": true,
              "fail": false,
              "pending": false,
              "context": null,
              "code": "_InventoryPage.default.addBackpackToCart();\n_InventoryPage.default.goToCart();\ncy.url().should('include', 'cart');",
              "err": {},
              "uuid": "5f21eb1d-f2e8-4647-be8d-7e39f47eda47",
              "parentUUID": "2eb5faac-c289-4546-a620-5a1558fe7ba1",
              "isHook": false,
              "skipped": false
            }
          ],
          "suites": [],
          "passes": [
            "9f7ff5b3-a556-473f-b3f1-bc433a18c064",
            "5f21eb1d-f2e8-4647-be8d-7e39f47eda47"
          ],
          "failures": [],
          "pending": [],
          "skipped": [],
          "duration": 6493,
          "root": false,
          "rootEmpty": false,
          "_timeout": 2000
        }
      ],
      "passes": [],
      "failures": [],
      "pending": [],
      "skipped": [],
      "duration": 0,
      "root": true,
      "rootEmpty": true,
      "_timeout": 2000
    }
  ],
  "meta": {
    "mocha": {
      "version": "7.2.0"
    },
    "mochawesome": {
      "options": {
        "quiet": false,
        "reportFilename": "mochawesome",
        "saveHtml": false,
        "saveJson": true,
        "consoleReporter": "spec",
        "useInlineDiffs": false,
        "code": true
      },
      "version": "7.1.4"
    },
    "marge": {
      "options": {
        "reportDir": "cypress/reports",
        "overwrite": false,
        "html": false,
        "json": true
      },
      "version": "6.3.2"
    }
  }
}