{
  "stats": {
    "suites": 1,
    "tests": 1,
    "passes": 1,
    "pending": 0,
    "failures": 0,
    "start": "2026-05-11T16:48:35.017Z",
    "end": "2026-05-11T16:48:39.018Z",
    "duration": 4001,
    "testsRegistered": 1,
    "passPercent": 100,
    "pendingPercent": 0,
    "other": 0,
    "hasOther": false,
    "skipped": 0,
    "hasSkipped": false
  },
  "results": [
    {
      "uuid": "cae9922d-13e5-46d2-a47c-58b23bc6979a",
      "title": "",
      "fullFile": "cypress\\e2e\\checkout-validation.cy.js",
      "file": "cypress\\e2e\\checkout-validation.cy.js",
      "beforeHooks": [],
      "afterHooks": [],
      "tests": [],
      "suites": [
        {
          "uuid": "cf84da70-457d-4d6b-87c6-b0d9cd42512c",
          "title": "Validações de Checkout",
          "fullFile": "",
          "file": "",
          "beforeHooks": [],
          "afterHooks": [],
          "tests": [
            {
              "title": "não deve aceitar CEP vazio",
              "fullTitle": "Validações de Checkout não deve aceitar CEP vazio",
              "timedOut": null,
              "duration": 2484,
              "state": "passed",
              "speed": "fast",
              "pass": true,
              "fail": false,
              "pending": false,
              "context": null,
              "code": "_CheckoutPage.default.fillUserInfo('Lucas', 'QA', '');\n_CheckoutPage.default.continue();\ncy.get('[data-test=\"error\"]').should('be.visible').and('contain', 'Postal Code is required');",
              "err": {},
              "uuid": "7375f2d8-cd2e-4114-bc55-8ba83bdf571f",
              "parentUUID": "cf84da70-457d-4d6b-87c6-b0d9cd42512c",
              "isHook": false,
              "skipped": false
            }
          ],
          "suites": [],
          "passes": [
            "7375f2d8-cd2e-4114-bc55-8ba83bdf571f"
          ],
          "failures": [],
          "pending": [],
          "skipped": [],
          "duration": 2484,
          "root": false,
          "rootEmpty": false,
          "_timeout": 2000
        }
      ],
      "passes": [],
      "failures": [],
      "pending": [],
      "skipped": [],
      "duration": 0,
      "root": true,
      "rootEmpty": true,
      "_timeout": 2000
    }
  ],
  "meta": {
    "mocha": {
      "version": "7.2.0"
    },
    "mochawesome": {
      "options": {
        "quiet": false,
        "reportFilename": "mochawesome",
        "saveHtml": false,
        "saveJson": true,
        "consoleReporter": "spec",
        "useInlineDiffs": false,
        "code": true
      },
      "version": "7.1.4"
    },
    "marge": {
      "options": {
        "reportDir": "cypress/reports",
        "overwrite": false,
        "html": false,
        "json": true
      },
      "version": "6.3.2"
    }
  }
}