{
  "stats": {
    "suites": 1,
    "tests": 1,
    "passes": 0,
    "pending": 0,
    "failures": 1,
    "start": "2026-05-11T18:29:45.885Z",
    "end": "2026-05-11T18:29:46.056Z",
    "duration": 171,
    "testsRegistered": 1,
    "passPercent": 0,
    "pendingPercent": 0,
    "other": 0,
    "hasOther": false,
    "skipped": 0,
    "hasSkipped": false
  },
  "results": [
    {
      "uuid": "889b8eb8-1eb3-4173-ab7e-43b1e0a45315",
      "title": "",
      "fullFile": "cypress\\e2e\\checkout-validation.cy.js",
      "file": "cypress\\e2e\\checkout-validation.cy.js",
      "beforeHooks": [],
      "afterHooks": [],
      "tests": [],
      "suites": [
        {
          "uuid": "aa8c7276-885e-4a40-8616-c1dd8e818569",
          "title": "Validações de Checkout",
          "fullFile": "",
          "file": "",
          "beforeHooks": [],
          "afterHooks": [],
          "tests": [
            {
              "title": "não deve aceitar CEP vazio",
              "fullTitle": "Validações de Checkout não deve aceitar CEP vazio",
              "timedOut": null,
              "duration": 124,
              "state": "failed",
              "speed": null,
              "pass": false,
              "fail": true,
              "pending": false,
              "context": null,
              "code": "_CheckoutPage.default.fillUserInfo('Lucas', 'QA', '');\n_CheckoutPage.default.continue();\ncy.get('[data-test=\"error\"]').should('be.visible').and('contain', 'Postal Code is required');",
              "err": {
                "message": "TypeError: _LoginPage.default.fillUsername is not a function\n\nBecause this error occurred during a `before each` hook we are skipping the remaining tests in the current suite: `Validações de Checkout`",
                "estack": "TypeError: _LoginPage.default.fillUsername is not a function\n\nBecause this error occurred during a `before each` hook we are skipping the remaining tests in the current suite: `Validações de Checkout`\n    at Context.eval (webpack://qa-ai-project/./cypress/e2e/checkout-validation.cy.js:8:14)\n    at runnable.fn (http://localhost:52977/__cypress/runner/cypress_runner.js:146755:19)\n    at callFn (http://localhost:52977/__cypress/runner/cypress_runner.js:165952:21)\n    at Runnable.run (http://localhost:52977/__cypress/runner/cypress_runner.js:165939:7)\n    at <unknown> (http://localhost:52977/__cypress/runner/cypress_runner.js:172036:30)\n    at PassThroughHandlerContext.finallyHandler (http://localhost:52977/__cypress/runner/cypress_runner.js:4042:23)\n    at PassThroughHandlerContext.tryCatcher (http://localhost:52977/__cypress/runner/cypress_runner.js:1777:23)\n    at Promise._settlePromiseFromHandler (http://localhost:52977/__cypress/runner/cypress_runner.js:1489:31)\n    at Promise._settlePromise (http://localhost:52977/__cypress/runner/cypress_runner.js:1546:18)",
                "diff": null
              },
              "uuid": "f5fad5ed-7092-42a3-bb19-5c2acf0841b1",
              "parentUUID": "aa8c7276-885e-4a40-8616-c1dd8e818569",
              "isHook": false,
              "skipped": false
            }
          ],
          "suites": [],
          "passes": [],
          "failures": [
            "f5fad5ed-7092-42a3-bb19-5c2acf0841b1"
          ],
          "pending": [],
          "skipped": [],
          "duration": 124,
          "root": false,
          "rootEmpty": false,
          "_timeout": 2000
        }
      ],
      "passes": [],
      "failures": [],
      "pending": [],
      "skipped": [],
      "duration": 0,
      "root": true,
      "rootEmpty": true,
      "_timeout": 2000
    }
  ],
  "meta": {
    "mocha": {
      "version": "7.2.0"
    },
    "mochawesome": {
      "options": {
        "quiet": false,
        "reportFilename": "mochawesome",
        "saveHtml": false,
        "saveJson": true,
        "consoleReporter": "spec",
        "useInlineDiffs": false,
        "code": true
      },
      "version": "7.1.4"
    },
    "marge": {
      "options": {
        "reportDir": "cypress/reports",
        "overwrite": false,
        "html": false,
        "json": true
      },
      "version": "6.3.2"
    }
  }
}