{
  "stats": {
    "suites": 1,
    "tests": 1,
    "passes": 1,
    "pending": 0,
    "failures": 0,
    "start": "2026-05-12T17:47:46.311Z",
    "end": "2026-05-12T17:47:48.819Z",
    "duration": 2508,
    "testsRegistered": 1,
    "passPercent": 100,
    "pendingPercent": 0,
    "other": 0,
    "hasOther": false,
    "skipped": 0,
    "hasSkipped": false
  },
  "results": [
    {
      "uuid": "58b75816-76f4-4bbb-a335-15a37e27c46a",
      "title": "",
      "fullFile": "cypress\\e2e\\intercept-request.cy.js",
      "file": "cypress\\e2e\\intercept-request.cy.js",
      "beforeHooks": [],
      "afterHooks": [],
      "tests": [],
      "suites": [
        {
          "uuid": "e51e2464-92df-44e9-ad49-25b61ac1e8e7",
          "title": "Intercept Request Tests",
          "fullFile": "",
          "file": "",
          "beforeHooks": [],
          "afterHooks": [],
          "tests": [
            {
              "title": "deve validar request enviado",
              "fullTitle": "Intercept Request Tests deve validar request enviado",
              "timedOut": null,
              "duration": 814,
              "state": "passed",
              "speed": "fast",
              "pass": true,
              "fail": false,
              "pending": false,
              "context": null,
              "code": "cy.intercept('POST', 'https://jsonplaceholder.typicode.com/posts').as('createPost');\ncy.visit('https://example.cypress.io');\ncy.window().then(win => {\n  return win.fetch('https://jsonplaceholder.typicode.com/posts', {\n    method: 'POST',\n    headers: {\n      'Content-Type': 'application/json'\n    },\n    body: JSON.stringify({\n      title: 'Teste Cypress',\n      body: 'Automação API',\n      userId: 1\n    })\n  });\n});\ncy.wait('@createPost').then(interception => {\n  expect(interception.request.body.title).to.eq('Teste Cypress');\n  expect(interception.request.body.body).to.eq('Automação API');\n  expect(interception.request.body.userId).to.eq(1);\n});",
              "err": {},
              "uuid": "d6913b14-e796-4102-8a69-1e90abe976ac",
              "parentUUID": "e51e2464-92df-44e9-ad49-25b61ac1e8e7",
              "isHook": false,
              "skipped": false
            }
          ],
          "suites": [],
          "passes": [
            "d6913b14-e796-4102-8a69-1e90abe976ac"
          ],
          "failures": [],
          "pending": [],
          "skipped": [],
          "duration": 814,
          "root": false,
          "rootEmpty": false,
          "_timeout": 2000
        }
      ],
      "passes": [],
      "failures": [],
      "pending": [],
      "skipped": [],
      "duration": 0,
      "root": true,
      "rootEmpty": true,
      "_timeout": 2000
    }
  ],
  "meta": {
    "mocha": {
      "version": "7.2.0"
    },
    "mochawesome": {
      "options": {
        "quiet": false,
        "reportFilename": "mochawesome",
        "saveHtml": false,
        "saveJson": true,
        "consoleReporter": "spec",
        "useInlineDiffs": false,
        "code": true
      },
      "version": "7.1.4"
    },
    "marge": {
      "options": {
        "reportDir": "cypress/reports",
        "overwrite": false,
        "html": false,
        "json": true
      },
      "version": "6.3.2"
    }
  }
}