{
  "stats": {
    "suites": 1,
    "tests": 2,
    "passes": 2,
    "pending": 0,
    "failures": 0,
    "start": "2026-05-11T12:57:15.343Z",
    "end": "2026-05-11T12:57:23.228Z",
    "duration": 7885,
    "testsRegistered": 2,
    "passPercent": 100,
    "pendingPercent": 0,
    "other": 0,
    "hasOther": false,
    "skipped": 0,
    "hasSkipped": false
  },
  "results": [
    {
      "uuid": "30e7f4c5-100b-4f4d-8399-adac7d6e2892",
      "title": "",
      "fullFile": "cypress\\e2e\\cart.cy.js",
      "file": "cypress\\e2e\\cart.cy.js",
      "beforeHooks": [],
      "afterHooks": [],
      "tests": [],
      "suites": [
        {
          "uuid": "08533dc3-ae1c-4fba-8063-f821c3623fd2",
          "title": "Carrinho SauceDemo",
          "fullFile": "",
          "file": "",
          "beforeHooks": [],
          "afterHooks": [],
          "tests": [
            {
              "title": "deve adicionar produto ao carrinho",
              "fullTitle": "Carrinho SauceDemo deve adicionar produto ao carrinho",
              "timedOut": null,
              "duration": 2214,
              "state": "passed",
              "speed": "fast",
              "pass": true,
              "fail": false,
              "pending": false,
              "context": null,
              "code": "_InventoryPage.default.addBackpackToCart();\n_InventoryPage.default.validateCartCount(1);",
              "err": {},
              "uuid": "bf5c76f7-4ec7-4640-ae61-9bedbcdee918",
              "parentUUID": "08533dc3-ae1c-4fba-8063-f821c3623fd2",
              "isHook": false,
              "skipped": false
            },
            {
              "title": "deve acessar o carrinho",
              "fullTitle": "Carrinho SauceDemo deve acessar o carrinho",
              "timedOut": null,
              "duration": 3555,
              "state": "passed",
              "speed": "fast",
              "pass": true,
              "fail": false,
              "pending": false,
              "context": null,
              "code": "_InventoryPage.default.addBackpackToCart();\n_InventoryPage.default.goToCart();\ncy.url().should('include', 'cart');",
              "err": {},
              "uuid": "d9796449-724d-4098-b578-d5cf10d11baa",
              "parentUUID": "08533dc3-ae1c-4fba-8063-f821c3623fd2",
              "isHook": false,
              "skipped": false
            }
          ],
          "suites": [],
          "passes": [
            "bf5c76f7-4ec7-4640-ae61-9bedbcdee918",
            "d9796449-724d-4098-b578-d5cf10d11baa"
          ],
          "failures": [],
          "pending": [],
          "skipped": [],
          "duration": 5769,
          "root": false,
          "rootEmpty": false,
          "_timeout": 2000
        }
      ],
      "passes": [],
      "failures": [],
      "pending": [],
      "skipped": [],
      "duration": 0,
      "root": true,
      "rootEmpty": true,
      "_timeout": 2000
    }
  ],
  "meta": {
    "mocha": {
      "version": "7.2.0"
    },
    "mochawesome": {
      "options": {
        "quiet": false,
        "reportFilename": "mochawesome",
        "saveHtml": true,
        "saveJson": true,
        "consoleReporter": "spec",
        "useInlineDiffs": false,
        "code": true
      },
      "version": "7.1.4"
    },
    "marge": {
      "options": {
        "reportDir": "cypress/reports",
        "overwrite": false,
        "html": true,
        "json": true
      },
      "version": "6.3.2"
    }
  }
}