{
  "stats": {
    "suites": 1,
    "tests": 1,
    "passes": 0,
    "pending": 0,
    "failures": 1,
    "start": "2026-05-11T18:29:48.383Z",
    "end": "2026-05-11T18:29:48.592Z",
    "duration": 209,
    "testsRegistered": 1,
    "passPercent": 0,
    "pendingPercent": 0,
    "other": 0,
    "hasOther": false,
    "skipped": 0,
    "hasSkipped": false
  },
  "results": [
    {
      "uuid": "0dab7ca2-3d1f-4a62-bded-f48334cf545a",
      "title": "",
      "fullFile": "cypress\\e2e\\checkout.cy.js",
      "file": "cypress\\e2e\\checkout.cy.js",
      "beforeHooks": [],
      "afterHooks": [],
      "tests": [],
      "suites": [
        {
          "uuid": "db5adf81-32d0-4ca8-a8b8-62af5ef5f5b8",
          "title": "Checkout SauceDemo",
          "fullFile": "",
          "file": "",
          "beforeHooks": [],
          "afterHooks": [],
          "tests": [
            {
              "title": "deve finalizar compra com sucesso",
              "fullTitle": "Checkout SauceDemo deve finalizar compra com sucesso",
              "timedOut": null,
              "duration": 166,
              "state": "failed",
              "speed": null,
              "pass": false,
              "fail": true,
              "pending": false,
              "context": null,
              "code": "_InventoryPage.default.addBackpackToCart();\n_InventoryPage.default.goToCart();\n_CheckoutPage.default.goToCheckout();\n_CheckoutPage.default.fillUserInfo('Lucas', 'QA', '12345');\n_CheckoutPage.default.continue();\n_CheckoutPage.default.finish();\n_CheckoutPage.default.validateSuccess();",
              "err": {
                "message": "TypeError: _LoginPage.default.fillUsername is not a function\n\nBecause this error occurred during a `before each` hook we are skipping the remaining tests in the current suite: `Checkout SauceDemo`",
                "estack": "TypeError: _LoginPage.default.fillUsername is not a function\n\nBecause this error occurred during a `before each` hook we are skipping the remaining tests in the current suite: `Checkout SauceDemo`\n    at Context.eval (webpack://qa-ai-project/./cypress/e2e/checkout.cy.js:8:14)\n    at runnable.fn (http://localhost:52977/__cypress/runner/cypress_runner.js:146755:19)\n    at callFn (http://localhost:52977/__cypress/runner/cypress_runner.js:165952:21)\n    at Runnable.run (http://localhost:52977/__cypress/runner/cypress_runner.js:165939:7)\n    at <unknown> (http://localhost:52977/__cypress/runner/cypress_runner.js:172036:30)\n    at PassThroughHandlerContext.finallyHandler (http://localhost:52977/__cypress/runner/cypress_runner.js:4042:23)\n    at PassThroughHandlerContext.tryCatcher (http://localhost:52977/__cypress/runner/cypress_runner.js:1777:23)\n    at Promise._settlePromiseFromHandler (http://localhost:52977/__cypress/runner/cypress_runner.js:1489:31)\n    at Promise._settlePromise (http://localhost:52977/__cypress/runner/cypress_runner.js:1546:18)",
                "diff": null
              },
              "uuid": "2a845a36-e726-46f7-98dd-5a89b284aedc",
              "parentUUID": "db5adf81-32d0-4ca8-a8b8-62af5ef5f5b8",
              "isHook": false,
              "skipped": false
            }
          ],
          "suites": [],
          "passes": [],
          "failures": [
            "2a845a36-e726-46f7-98dd-5a89b284aedc"
          ],
          "pending": [],
          "skipped": [],
          "duration": 166,
          "root": false,
          "rootEmpty": false,
          "_timeout": 2000
        }
      ],
      "passes": [],
      "failures": [],
      "pending": [],
      "skipped": [],
      "duration": 0,
      "root": true,
      "rootEmpty": true,
      "_timeout": 2000
    }
  ],
  "meta": {
    "mocha": {
      "version": "7.2.0"
    },
    "mochawesome": {
      "options": {
        "quiet": false,
        "reportFilename": "mochawesome",
        "saveHtml": false,
        "saveJson": true,
        "consoleReporter": "spec",
        "useInlineDiffs": false,
        "code": true
      },
      "version": "7.1.4"
    },
    "marge": {
      "options": {
        "reportDir": "cypress/reports",
        "overwrite": false,
        "html": false,
        "json": true
      },
      "version": "6.3.2"
    }
  }
}