{
  "stats": {
    "suites": 1,
    "tests": 1,
    "passes": 1,
    "pending": 0,
    "failures": 0,
    "start": "2026-05-11T12:57:30.182Z",
    "end": "2026-05-11T12:57:33.566Z",
    "duration": 3384,
    "testsRegistered": 1,
    "passPercent": 100,
    "pendingPercent": 0,
    "other": 0,
    "hasOther": false,
    "skipped": 0,
    "hasSkipped": false
  },
  "results": [
    {
      "uuid": "d9b6aaff-0b47-46e1-95c4-0e5f2590d67a",
      "title": "",
      "fullFile": "cypress\\e2e\\checkout.cy.js",
      "file": "cypress\\e2e\\checkout.cy.js",
      "beforeHooks": [],
      "afterHooks": [],
      "tests": [],
      "suites": [
        {
          "uuid": "830da169-b7bd-4ee1-8736-029425221e47",
          "title": "Checkout SauceDemo",
          "fullFile": "",
          "file": "",
          "beforeHooks": [],
          "afterHooks": [],
          "tests": [
            {
              "title": "deve finalizar compra com sucesso",
              "fullTitle": "Checkout SauceDemo deve finalizar compra com sucesso",
              "timedOut": null,
              "duration": 2237,
              "state": "passed",
              "speed": "fast",
              "pass": true,
              "fail": false,
              "pending": false,
              "context": null,
              "code": "_InventoryPage.default.addBackpackToCart();\n_InventoryPage.default.goToCart();\n_CheckoutPage.default.goToCheckout();\n_CheckoutPage.default.fillUserInfo('Lucas', 'QA', '12345');\n_CheckoutPage.default.continue();\n_CheckoutPage.default.finish();\n_CheckoutPage.default.validateSuccess();",
              "err": {},
              "uuid": "7548a396-aa83-4ef4-bc23-6a35a41cf58c",
              "parentUUID": "830da169-b7bd-4ee1-8736-029425221e47",
              "isHook": false,
              "skipped": false
            }
          ],
          "suites": [],
          "passes": [
            "7548a396-aa83-4ef4-bc23-6a35a41cf58c"
          ],
          "failures": [],
          "pending": [],
          "skipped": [],
          "duration": 2237,
          "root": false,
          "rootEmpty": false,
          "_timeout": 2000
        }
      ],
      "passes": [],
      "failures": [],
      "pending": [],
      "skipped": [],
      "duration": 0,
      "root": true,
      "rootEmpty": true,
      "_timeout": 2000
    }
  ],
  "meta": {
    "mocha": {
      "version": "7.2.0"
    },
    "mochawesome": {
      "options": {
        "quiet": false,
        "reportFilename": "mochawesome",
        "saveHtml": true,
        "saveJson": true,
        "consoleReporter": "spec",
        "useInlineDiffs": false,
        "code": true
      },
      "version": "7.1.4"
    },
    "marge": {
      "options": {
        "reportDir": "cypress/reports",
        "overwrite": false,
        "html": true,
        "json": true
      },
      "version": "6.3.2"
    }
  }
}