{
  "stats": {
    "suites": 1,
    "tests": 1,
    "passes": 1,
    "pending": 0,
    "failures": 0,
    "start": "2026-05-11T18:30:00.985Z",
    "end": "2026-05-11T18:30:03.271Z",
    "duration": 2286,
    "testsRegistered": 1,
    "passPercent": 100,
    "pendingPercent": 0,
    "other": 0,
    "hasOther": false,
    "skipped": 0,
    "hasSkipped": false
  },
  "results": [
    {
      "uuid": "47ef235c-cfe6-4995-ac10-626c7f48e596",
      "title": "",
      "fullFile": "cypress\\e2e\\mock-api.cy.js",
      "file": "cypress\\e2e\\mock-api.cy.js",
      "beforeHooks": [],
      "afterHooks": [],
      "tests": [],
      "suites": [
        {
          "uuid": "084b27dd-4389-4af4-9ee3-219da68f9466",
          "title": "Mock API Tests",
          "fullFile": "",
          "file": "",
          "beforeHooks": [],
          "afterHooks": [],
          "tests": [
            {
              "title": "deve mockar resposta da API",
              "fullTitle": "Mock API Tests deve mockar resposta da API",
              "timedOut": null,
              "duration": 569,
              "state": "passed",
              "speed": "fast",
              "pass": true,
              "fail": false,
              "pending": false,
              "context": null,
              "code": "cy.intercept('GET', 'https://jsonplaceholder.typicode.com/posts/1', {\n  statusCode: 200,\n  body: {\n    id: 999,\n    title: 'Post Mockado'\n  }\n}).as('mockPost');\ncy.visit('https://example.cypress.io');\ncy.window().then(win => {\n  return win.fetch('https://jsonplaceholder.typicode.com/posts/1').then(response => response.json()).then(data => {\n    expect(data.id).to.eq(999);\n    expect(data.title).to.eq('Post Mockado');\n  });\n});\ncy.wait('@mockPost');",
              "err": {},
              "uuid": "259df4db-d73b-4183-8d06-2de30d4eef2e",
              "parentUUID": "084b27dd-4389-4af4-9ee3-219da68f9466",
              "isHook": false,
              "skipped": false
            }
          ],
          "suites": [],
          "passes": [
            "259df4db-d73b-4183-8d06-2de30d4eef2e"
          ],
          "failures": [],
          "pending": [],
          "skipped": [],
          "duration": 569,
          "root": false,
          "rootEmpty": false,
          "_timeout": 2000
        }
      ],
      "passes": [],
      "failures": [],
      "pending": [],
      "skipped": [],
      "duration": 0,
      "root": true,
      "rootEmpty": true,
      "_timeout": 2000
    }
  ],
  "meta": {
    "mocha": {
      "version": "7.2.0"
    },
    "mochawesome": {
      "options": {
        "quiet": false,
        "reportFilename": "mochawesome",
        "saveHtml": false,
        "saveJson": true,
        "consoleReporter": "spec",
        "useInlineDiffs": false,
        "code": true
      },
      "version": "7.1.4"
    },
    "marge": {
      "options": {
        "reportDir": "cypress/reports",
        "overwrite": false,
        "html": false,
        "json": true
      },
      "version": "6.3.2"
    }
  }
}